<?xml version="1.0" encoding="UTF-8"?>
<!-- Generated by org.testng.reporters.JUnitXMLReporter -->
<testsuite ignored="0" hostname="HW1516" failures="0" tests="7" name="UI Automation Tests" time="28.352" errors="0" timestamp="2026-05-25T23:02:08 IST">
  <testcase classname="com.qentelli.GroupFinalAssessment.tests.ui.LoginTest" name="verifyLoginTest" time="2.821"/>
  <testcase classname="com.qentelli.GroupFinalAssessment.tests.ui.RegistrationTest" name="verifyCustomerRegistration" time="4.311"/>
  <testcase classname="com.qentelli.GroupFinalAssessment.tests.ui.OpenAccountTest" name="verifyOpenAccountTest" time="5.856"/>
  <testcase classname="com.qentelli.GroupFinalAssessment.tests.ui.RegistrationTest" name="verifyRegistrationWithoutMandatoryFields" time="4.057"/>
  <testcase classname="com.qentelli.GroupFinalAssessment.tests.ui.TransactionHistoryTest" name="validateTransactionHistory" time="4.898"/>
  <testcase classname="com.qentelli.GroupFinalAssessment.tests.ui.TransferFundsTest" name="verifyTransferFundsTest" time="11.785"/>
  <testcase classname="com.qentelli.GroupFinalAssessment.tests.ui.NegativeTransferTest" name="verifyInvalidTransferTest" time="8.611"/>
</testsuite> <!-- UI Automation Tests -->
