<?xml version="1.0" encoding="UTF-8"?>
<!-- Generated by org.testng.reporters.JUnitXMLReporter -->
<testsuite ignored="0" hostname="HW1516" failures="0" tests="3" name="Parallel UI Tests" time="22.94" errors="0" timestamp="2026-05-25T18:29:00 IST">
  <testcase classname="com.qentelli.GroupFinalAssessment.tests.ui.LoginTest" name="verifyLoginTest" time="4.853"/>
  <testcase classname="com.qentelli.GroupFinalAssessment.tests.ui.OpenAccountTest" name="verifyOpenAccountTest" time="5.551"/>
  <testcase classname="com.qentelli.GroupFinalAssessment.tests.ui.TransferFundsTest" name="verifyTransferFundsTest" time="14.306"/>
</testsuite> <!-- Parallel UI Tests -->
