<?xml version="1.0" encoding="UTF-8"?>
<!-- Generated by org.testng.reporters.JUnitXMLReporter -->
<testsuite ignored="0" hostname="HW1516" failures="0" tests="3" name="API Automation Tests" time="3.961" errors="0" timestamp="2026-05-25T23:15:50 IST">
  <testcase classname="com.qentelli.GroupFinalAssessment.tests.api.AuthApiTest" name="loginApiTest" time="2.41"/>
  <testcase classname="com.qentelli.GroupFinalAssessment.tests.api.CreateUserApiTest" name="createUserApiTest" time="0.735"/>
  <testcase classname="com.qentelli.GroupFinalAssessment.tests.api.FetchUserApiTest" name="fetchUserApiTest" time="0.583"/>
</testsuite> <!-- API Automation Tests -->
