<?xml version="1.0" encoding="UTF-8"?>
<!-- Generated by org.testng.reporters.JUnitXMLReporter -->
<testsuite ignored="0" hostname="HW1516" failures="0" tests="7" name="UI Automation Tests" time="28.023" errors="0" timestamp="2026-05-25T23:15:46 IST">
  <testcase classname="com.qentelli.GroupFinalAssessment.tests.ui.LoginTest" name="verifyLoginTest" time="2.444"/>
  <testcase classname="com.qentelli.GroupFinalAssessment.tests.ui.RegistrationTest" name="verifyCustomerRegistration" time="4.676"/>
  <testcase classname="com.qentelli.GroupFinalAssessment.tests.ui.OpenAccountTest" name="verifyOpenAccountTest" time="5.179"/>
  <testcase classname="com.qentelli.GroupFinalAssessment.tests.ui.RegistrationTest" name="verifyRegistrationWithoutMandatoryFields" time="2.12"/>
  <testcase classname="com.qentelli.GroupFinalAssessment.tests.ui.TransactionHistoryTest" name="validateTransactionHistory" time="4.656"/>
  <testcase classname="com.qentelli.GroupFinalAssessment.tests.ui.TransferFundsTest" name="verifyTransferFundsTest" time="9.957"/>
  <testcase classname="com.qentelli.GroupFinalAssessment.tests.ui.NegativeTransferTest" name="verifyInvalidTransferTest" time="8.969"/>
</testsuite> <!-- UI Automation Tests -->
