<?xml version="1.0" encoding="UTF-8"?>
<!-- Generated by org.testng.reporters.JUnitXMLReporter -->
<testsuite ignored="0" hostname="HW1516" failures="3" tests="4" name="UI Automation Tests" time="23.1" errors="0" timestamp="2026-05-25T13:53:12 IST">
  <testcase classname="com.qentelli.GroupFinalAssessment.tests.ui.LoginTest" name="verifyLoginTest" time="2.857"/>
  <testcase classname="com.qentelli.GroupFinalAssessment.tests.ui.OpenAccountTest" name="verifyOpenAccountTest" time="2.531">
    <failure type="java.lang.AssertionError" message="Cannot locate option with index: 0
For documentation on this error, please visit: https://www.selenium.dev/documentation/webdriver/troubleshooting/errors#no-such-element-exception
Build info: version: &amp;apos;4.21.0&amp;apos;, revision: &amp;apos;79ed462ef4&amp;apos;
System info: os.name: &amp;apos;Windows 11&amp;apos;, os.arch: &amp;apos;amd64&amp;apos;, os.version: &amp;apos;10.0&amp;apos;, java.version: &amp;apos;17.0.12&amp;apos;
Driver info: driver.version: unknown">
      <![CDATA[java.lang.AssertionError: Cannot locate option with index: 0
For documentation on this error, please visit: https://www.selenium.dev/documentation/webdriver/troubleshooting/errors#no-such-element-exception
Build info: version: '4.21.0', revision: '79ed462ef4'
System info: os.name: 'Windows 11', os.arch: 'amd64', os.version: '10.0', java.version: '17.0.12'
Driver info: driver.version: unknown
at com.qentelli.GroupFinalAssessment.tests.ui.OpenAccountTest.verifyOpenAccountTest(OpenAccountTest.java:88)
at java.base/java.util.ArrayList.forEach(ArrayList.java:1511)
... Removed 28 stack frames]]>
    </failure>
  </testcase> <!-- verifyOpenAccountTest -->
  <testcase classname="com.qentelli.GroupFinalAssessment.tests.ui.TransferFundsTest" name="verifyTransferFundsTest" time="1.824">
    <failure type="java.lang.AssertionError" message="Cannot locate option with index: 0
For documentation on this error, please visit: https://www.selenium.dev/documentation/webdriver/troubleshooting/errors#no-such-element-exception
Build info: version: &amp;apos;4.21.0&amp;apos;, revision: &amp;apos;79ed462ef4&amp;apos;
System info: os.name: &amp;apos;Windows 11&amp;apos;, os.arch: &amp;apos;amd64&amp;apos;, os.version: &amp;apos;10.0&amp;apos;, java.version: &amp;apos;17.0.12&amp;apos;
Driver info: driver.version: unknown">
      <![CDATA[java.lang.AssertionError: Cannot locate option with index: 0
For documentation on this error, please visit: https://www.selenium.dev/documentation/webdriver/troubleshooting/errors#no-such-element-exception
Build info: version: '4.21.0', revision: '79ed462ef4'
System info: os.name: 'Windows 11', os.arch: 'amd64', os.version: '10.0', java.version: '17.0.12'
Driver info: driver.version: unknown
at com.qentelli.GroupFinalAssessment.tests.ui.TransferFundsTest.verifyTransferFundsTest(TransferFundsTest.java:124)
at java.base/java.util.ArrayList.forEach(ArrayList.java:1511)
... Removed 28 stack frames]]>
    </failure>
  </testcase> <!-- verifyTransferFundsTest -->
  <testcase classname="com.qentelli.GroupFinalAssessment.tests.ui.NegativeTransferTest" name="verifyInvalidTransferTest" time="1.923">
    <failure type="java.lang.AssertionError" message="Cannot locate option with index: 0
For documentation on this error, please visit: https://www.selenium.dev/documentation/webdriver/troubleshooting/errors#no-such-element-exception
Build info: version: &amp;apos;4.21.0&amp;apos;, revision: &amp;apos;79ed462ef4&amp;apos;
System info: os.name: &amp;apos;Windows 11&amp;apos;, os.arch: &amp;apos;amd64&amp;apos;, os.version: &amp;apos;10.0&amp;apos;, java.version: &amp;apos;17.0.12&amp;apos;
Driver info: driver.version: unknown">
      <![CDATA[java.lang.AssertionError: Cannot locate option with index: 0
For documentation on this error, please visit: https://www.selenium.dev/documentation/webdriver/troubleshooting/errors#no-such-element-exception
Build info: version: '4.21.0', revision: '79ed462ef4'
System info: os.name: 'Windows 11', os.arch: 'amd64', os.version: '10.0', java.version: '17.0.12'
Driver info: driver.version: unknown
at com.qentelli.GroupFinalAssessment.tests.ui.NegativeTransferTest.verifyInvalidTransferTest(NegativeTransferTest.java:105)
at java.base/java.util.ArrayList.forEach(ArrayList.java:1511)
... Removed 28 stack frames]]>
    </failure>
  </testcase> <!-- verifyInvalidTransferTest -->
</testsuite> <!-- UI Automation Tests -->
