<?xml version="1.0" encoding="UTF-8"?>
<testsuite xmlns:xsi="http://www.w3.org/2001/XMLSchema-instance" xsi:noNamespaceSchemaLocation="https://maven.apache.org/surefire/maven-surefire-plugin/xsd/surefire-test-report-3.0.xsd" version="3.0" name="TestSuite" time="38.119" tests="11" errors="0" skipped="0" failures="0">
  <properties>
[...]
</properties>
  <testcase name="verifyLoginTest" classname="com.qentelli.GroupFinalAssessment.tests.ui.LoginTest" time="2.44">
    <system-out><![CDATA[2026-05-25 23:15:18                 [TestNG-test-UI Automation Tests-3] INFO  com.qentelli.GroupFinalAssessment.tests.ui.OpenAccountTest - Browser setup started
2026-05-25 23:15:18                 [TestNG-test-UI Automation Tests-1] INFO  com.qentelli.GroupFinalAssessment.tests.ui.RegistrationTest - Browser setup started
2026-05-25 23:15:18                 [TestNG-test-UI Automation Tests-2] INFO  com.qentelli.GroupFinalAssessment.tests.ui.LoginTest - Browser setup started
2026-05-25 23:15:24                 [TestNG-test-UI Automation Tests-1] INFO  com.qentelli.GroupFinalAssessment.tests.ui.RegistrationTest - Application launched successfully
2026-05-25 23:15:24                 [TestNG-test-UI Automation Tests-3] INFO  com.qentelli.GroupFinalAssessment.tests.ui.OpenAccountTest - Application launched successfully
2026-05-25 23:15:24                 [TestNG-test-UI Automation Tests-1] INFO  com.qentelli.GroupFinalAssessment.tests.ui.RegistrationTest - Registration Test Started
2026-05-25 23:15:24                 [TestNG-test-UI Automation Tests-3] INFO  com.qentelli.GroupFinalAssessment.tests.ui.OpenAccountTest - Open Account Test Started
2026-05-25 23:15:24                 [TestNG-test-UI Automation Tests-2] INFO  com.qentelli.GroupFinalAssessment.tests.ui.LoginTest - Application launched successfully
2026-05-25 23:15:24                 [TestNG-test-UI Automation Tests-2] INFO  com.qentelli.GroupFinalAssessment.tests.ui.LoginTest - Login Test Started
2026-05-25 23:15:25                 [TestNG-test-UI Automation Tests-2] INFO  com.qentelli.GroupFinalAssessment.tests.ui.LoginTest - Username : john
2026-05-25 23:15:25                 [TestNG-test-UI Automation Tests-1] INFO  com.qentelli.GroupFinalAssessment.pages.HomePage - Clicking Register Link
2026-05-25 23:15:26                 [TestNG-test-UI Automation Tests-1] INFO  com.qentelli.GroupFinalAssessment.pages.RegistrationPage - Customer Registration Started
2026-05-25 23:15:26                 [TestNG-test-UI Automation Tests-1] INFO  com.qentelli.GroupFinalAssessment.pages.RegistrationPage - Generated Username : user6729
2026-05-25 23:15:26                 [TestNG-test-UI Automation Tests-1] INFO  com.qentelli.GroupFinalAssessment.pages.RegistrationPage - Password generated successfully
2026-05-25 23:15:26                 [TestNG-test-UI Automation Tests-2] INFO  com.qentelli.GroupFinalAssessment.tests.ui.LoginTest - Login successful
]]></system-out>
    <system-err><![CDATA[SLF4J: Failed to load class "org.slf4j.impl.StaticLoggerBinder".
SLF4J: Defaulting to no-operation (NOP) logger implementation
SLF4J: See http://www.slf4j.org/codes.html#StaticLoggerBinder for further details.
May 25, 2026 11:15:21 PM org.openqa.selenium.devtools.CdpVersionFinder findNearestMatch
WARNING: Unable to find CDP implementation matching 148
May 25, 2026 11:15:21 PM org.openqa.selenium.devtools.CdpVersionFinder findNearestMatch
WARNING: Unable to find CDP implementation matching 148
May 25, 2026 11:15:21 PM org.openqa.selenium.devtools.CdpVersionFinder findNearestMatch
WARNING: Unable to find CDP implementation matching 148
May 25, 2026 11:15:21 PM org.openqa.selenium.chromium.ChromiumDriver lambda$new$5
WARNING: Unable to find version of CDP to use for 148.0.7778.179. You may need to include a dependency on a specific version of the CDP using something similar to `org.seleniumhq.selenium:selenium-devtools-v86:4.21.0` where the version ("v86") matches the version of the chromium-based browser you're using and the version number of the artifact is the same as Selenium's.
May 25, 2026 11:15:21 PM org.openqa.selenium.chromium.ChromiumDriver lambda$new$5
WARNING: Unable to find version of CDP to use for 148.0.7778.179. You may need to include a dependency on a specific version of the CDP using something similar to `org.seleniumhq.selenium:selenium-devtools-v86:4.21.0` where the version ("v86") matches the version of the chromium-based browser you're using and the version number of the artifact is the same as Selenium's.
May 25, 2026 11:15:21 PM org.openqa.selenium.chromium.ChromiumDriver lambda$new$5
WARNING: Unable to find version of CDP to use for 148.0.7778.179. You may need to include a dependency on a specific version of the CDP using something similar to `org.seleniumhq.selenium:selenium-devtools-v86:4.21.0` where the version ("v86") matches the version of the chromium-based browser you're using and the version number of the artifact is the same as Selenium's.
]]></system-err>
  </testcase>
  <testcase name="verifyCustomerRegistration" classname="com.qentelli.GroupFinalAssessment.tests.ui.RegistrationTest" time="4.576">
    <system-out><![CDATA[2026-05-25 23:15:26                 [TestNG-test-UI Automation Tests-3] INFO  com.qentelli.GroupFinalAssessment.tests.ui.OpenAccountTest - Login successful
2026-05-25 23:15:26                 [TestNG-test-UI Automation Tests-2] INFO  com.qentelli.GroupFinalAssessment.tests.ui.LoginTest - Closing browser
2026-05-25 23:15:26                 [TestNG-test-UI Automation Tests-2] INFO  com.qentelli.GroupFinalAssessment.tests.ui.TransferFundsTest - Browser setup started
2026-05-25 23:15:27                 [TestNG-test-UI Automation Tests-1] INFO  com.qentelli.GroupFinalAssessment.pages.RegistrationPage - Submitting Registration Form
2026-05-25 23:15:28                 [TestNG-test-UI Automation Tests-1] INFO  com.qentelli.GroupFinalAssessment.pages.RegistrationPage - Validating Registration Success
2026-05-25 23:15:28                 [TestNG-test-UI Automation Tests-1] INFO  com.qentelli.GroupFinalAssessment.pages.RegistrationPage - Fetching Success Message
2026-05-25 23:15:28                 [TestNG-test-UI Automation Tests-1] INFO  com.qentelli.GroupFinalAssessment.pages.RegistrationPage - Validating Account Creation Message
2026-05-25 23:15:28                 [TestNG-test-UI Automation Tests-1] INFO  com.qentelli.GroupFinalAssessment.pages.RegistrationPage - Fetching Current URL
2026-05-25 23:15:28                 [TestNG-test-UI Automation Tests-1] INFO  com.qentelli.GroupFinalAssessment.tests.ui.RegistrationTest - Generated Username : user6729
2026-05-25 23:15:28                 [TestNG-test-UI Automation Tests-1] INFO  com.qentelli.GroupFinalAssessment.tests.ui.RegistrationTest - Registration Test Completed
]]></system-out>
    <system-err><![CDATA[May 25, 2026 11:15:28 PM org.openqa.selenium.devtools.CdpVersionFinder findNearestMatch
WARNING: Unable to find CDP implementation matching 148
May 25, 2026 11:15:28 PM org.openqa.selenium.chromium.ChromiumDriver lambda$new$5
WARNING: Unable to find version of CDP to use for 148.0.7778.179. You may need to include a dependency on a specific version of the CDP using something similar to `org.seleniumhq.selenium:selenium-devtools-v86:4.21.0` where the version ("v86") matches the version of the chromium-based browser you're using and the version number of the artifact is the same as Selenium's.
]]></system-err>
  </testcase>
  <testcase name="verifyRegistrationWithoutMandatoryFields" classname="com.qentelli.GroupFinalAssessment.tests.ui.RegistrationTest" time="1.916">
    <system-out><![CDATA[2026-05-25 23:15:29                 [TestNG-test-UI Automation Tests-3] INFO  com.qentelli.GroupFinalAssessment.tests.ui.OpenAccountTest - Closing browser
2026-05-25 23:15:29                 [TestNG-test-UI Automation Tests-3] INFO  com.qentelli.GroupFinalAssessment.tests.ui.TransactionHistoryTest - Browser setup started
2026-05-25 23:15:30                 [TestNG-test-UI Automation Tests-2] INFO  com.qentelli.GroupFinalAssessment.tests.ui.TransferFundsTest - Application launched successfully
2026-05-25 23:15:30                 [TestNG-test-UI Automation Tests-2] INFO  com.qentelli.GroupFinalAssessment.tests.ui.TransferFundsTest - Transfer Funds Test Started
2026-05-25 23:15:30                 [TestNG-test-UI Automation Tests-2] INFO  com.qentelli.GroupFinalAssessment.tests.ui.TransferFundsTest - Username : john
2026-05-25 23:15:32                 [TestNG-test-UI Automation Tests-1] INFO  com.qentelli.GroupFinalAssessment.tests.ui.RegistrationTest - Application launched successfully
2026-05-25 23:15:32                 [TestNG-test-UI Automation Tests-1] INFO  com.qentelli.GroupFinalAssessment.tests.ui.RegistrationTest - Negative Registration Test Started
2026-05-25 23:15:32                 [TestNG-test-UI Automation Tests-1] INFO  com.qentelli.GroupFinalAssessment.pages.HomePage - Clicking Register Link
2026-05-25 23:15:32                 [TestNG-test-UI Automation Tests-2] INFO  com.qentelli.GroupFinalAssessment.tests.ui.TransferFundsTest - Login successful
2026-05-25 23:15:32                 [TestNG-test-UI Automation Tests-3] INFO  com.qentelli.GroupFinalAssessment.tests.ui.TransactionHistoryTest - Application launched successfully
2026-05-25 23:15:32                 [TestNG-test-UI Automation Tests-3] INFO  com.qentelli.GroupFinalAssessment.tests.ui.TransactionHistoryTest - Transaction History Test Started
2026-05-25 23:15:33                 [TestNG-test-UI Automation Tests-3] INFO  com.qentelli.GroupFinalAssessment.tests.ui.TransactionHistoryTest - Application launched successfully
2026-05-25 23:15:33                 [TestNG-test-UI Automation Tests-3] INFO  com.qentelli.GroupFinalAssessment.tests.ui.TransactionHistoryTest - Username fetched successfully
2026-05-25 23:15:33                 [TestNG-test-UI Automation Tests-1] INFO  com.qentelli.GroupFinalAssessment.pages.RegistrationPage - Clicking Register Button Without Data
2026-05-25 23:15:33                 [TestNG-test-UI Automation Tests-1] INFO  com.qentelli.GroupFinalAssessment.pages.RegistrationPage - Checking Validation Message
2026-05-25 23:15:34                 [TestNG-test-UI Automation Tests-2] INFO  com.qentelli.GroupFinalAssessment.tests.ui.TransferFundsTest - From Account Created : 62850
2026-05-25 23:15:34                 [TestNG-test-UI Automation Tests-1] INFO  com.qentelli.GroupFinalAssessment.tests.ui.RegistrationTest - Screenshot Captured At : screenshots/verifyRegistrationWithoutMandatoryFields_20260525_231534.png
2026-05-25 23:15:34                 [TestNG-test-UI Automation Tests-1] INFO  com.qentelli.GroupFinalAssessment.tests.ui.RegistrationTest - Negative Registration Test Completed
]]></system-out>
    <system-err><![CDATA[May 25, 2026 11:15:30 PM org.openqa.selenium.devtools.CdpVersionFinder findNearestMatch
WARNING: Unable to find CDP implementation matching 148
May 25, 2026 11:15:30 PM org.openqa.selenium.chromium.ChromiumDriver lambda$new$5
WARNING: Unable to find version of CDP to use for 148.0.7778.179. You may need to include a dependency on a specific version of the CDP using something similar to `org.seleniumhq.selenium:selenium-devtools-v86:4.21.0` where the version ("v86") matches the version of the chromium-based browser you're using and the version number of the artifact is the same as Selenium's.
May 25, 2026 11:15:31 PM org.openqa.selenium.devtools.CdpVersionFinder findNearestMatch
WARNING: Unable to find CDP implementation matching 148
May 25, 2026 11:15:31 PM org.openqa.selenium.chromium.ChromiumDriver lambda$new$5
WARNING: Unable to find version of CDP to use for 148.0.7778.179. You may need to include a dependency on a specific version of the CDP using something similar to `org.seleniumhq.selenium:selenium-devtools-v86:4.21.0` where the version ("v86") matches the version of the chromium-based browser you're using and the version number of the artifact is the same as Selenium's.
]]></system-err>
  </testcase>
  <testcase name="verifyOpenAccountTest" classname="com.qentelli.GroupFinalAssessment.tests.ui.OpenAccountTest" time="5.094">
    <system-out><![CDATA[2026-05-25 23:15:28                 [TestNG-test-UI Automation Tests-1] INFO  com.qentelli.GroupFinalAssessment.tests.ui.RegistrationTest - Closing browser
2026-05-25 23:15:29                 [TestNG-test-UI Automation Tests-1] INFO  com.qentelli.GroupFinalAssessment.tests.ui.RegistrationTest - Browser setup started
2026-05-25 23:15:29                 [TestNG-test-UI Automation Tests-3] INFO  com.qentelli.GroupFinalAssessment.tests.ui.OpenAccountTest - Generated Account Number : 62739
]]></system-out>
  </testcase>
  <testcase name="validateTransactionHistory" classname="com.qentelli.GroupFinalAssessment.tests.ui.TransactionHistoryTest" time="0.0">
    <system-out><![CDATA[2026-05-25 23:15:34                 [TestNG-test-UI Automation Tests-1] INFO  com.qentelli.GroupFinalAssessment.tests.ui.RegistrationTest - Closing browser
2026-05-25 23:15:34                 [TestNG-test-UI Automation Tests-1] INFO  com.qentelli.GroupFinalAssessment.tests.ui.NegativeTransferTest - Browser setup started
2026-05-25 23:15:35                 [TestNG-test-UI Automation Tests-3] INFO  com.qentelli.GroupFinalAssessment.tests.ui.TransactionHistoryTest - Login completed successfully
2026-05-25 23:15:36                 [TestNG-test-UI Automation Tests-3] INFO  com.qentelli.GroupFinalAssessment.tests.ui.TransactionHistoryTest - First account opened successfully
2026-05-25 23:15:36                 [TestNG-test-UI Automation Tests-2] INFO  com.qentelli.GroupFinalAssessment.tests.ui.TransferFundsTest - To Account Created : 62961
2026-05-25 23:15:36                 [TestNG-test-UI Automation Tests-2] INFO  com.qentelli.GroupFinalAssessment.tests.ui.TransferFundsTest - Transfer Amount : 500.0
2026-05-25 23:15:36                 [TestNG-test-UI Automation Tests-2] INFO  com.qentelli.GroupFinalAssessment.tests.ui.TransferFundsTest - Transfer Description : Monthly Rent
2026-05-25 23:15:36                 [TestNG-test-UI Automation Tests-2] INFO  com.qentelli.GroupFinalAssessment.tests.ui.TransferFundsTest - Expected Result : success
2026-05-25 23:15:37                 [TestNG-test-UI Automation Tests-3] INFO  com.qentelli.GroupFinalAssessment.tests.ui.TransactionHistoryTest - Transaction history page opened
2026-05-25 23:15:37                 [TestNG-test-UI Automation Tests-3] INFO  com.qentelli.GroupFinalAssessment.tests.ui.TransactionHistoryTest - Transaction history displayed successfully
2026-05-25 23:15:37                 [TestNG-test-UI Automation Tests-1] INFO  com.qentelli.GroupFinalAssessment.tests.ui.NegativeTransferTest - Application launched successfully
]]></system-out>
    <system-err><![CDATA[May 25, 2026 11:15:36 PM org.openqa.selenium.devtools.CdpVersionFinder findNearestMatch
WARNING: Unable to find CDP implementation matching 148
May 25, 2026 11:15:36 PM org.openqa.selenium.chromium.ChromiumDriver lambda$new$5
WARNING: Unable to find version of CDP to use for 148.0.7778.179. You may need to include a dependency on a specific version of the CDP using something similar to `org.seleniumhq.selenium:selenium-devtools-v86:4.21.0` where the version ("v86") matches the version of the chromium-based browser you're using and the version number of the artifact is the same as Selenium's.
]]></system-err>
  </testcase>
  <testcase name="verifyTransferFundsTest" classname="com.qentelli.GroupFinalAssessment.tests.ui.TransferFundsTest" time="2.869">
    <system-out><![CDATA[2026-05-25 23:15:37                 [TestNG-test-UI Automation Tests-1] INFO  com.qentelli.GroupFinalAssessment.tests.ui.NegativeTransferTest - Negative Transfer Test Started
2026-05-25 23:15:37                 [TestNG-test-UI Automation Tests-3] INFO  com.qentelli.GroupFinalAssessment.tests.ui.TransactionHistoryTest - Closing browser
2026-05-25 23:15:39                 [TestNG-test-UI Automation Tests-1] INFO  com.qentelli.GroupFinalAssessment.tests.ui.NegativeTransferTest - Login successful
2026-05-25 23:15:40                 [TestNG-test-UI Automation Tests-2] INFO  com.qentelli.GroupFinalAssessment.tests.ui.TransferFundsTest - Transfer completed successfully
]]></system-out>
  </testcase>
  <testcase name="verifyInvalidTransferTest" classname="com.qentelli.GroupFinalAssessment.tests.ui.NegativeTransferTest" time="8.973">
    <system-out><![CDATA[2026-05-25 23:15:40                 [TestNG-test-UI Automation Tests-2] INFO  com.qentelli.GroupFinalAssessment.tests.ui.TransferFundsTest - Closing browser
2026-05-25 23:15:43                 [TestNG-test-UI Automation Tests-1] INFO  com.qentelli.GroupFinalAssessment.tests.ui.NegativeTransferTest - From Account : 63072
2026-05-25 23:15:43                 [TestNG-test-UI Automation Tests-1] INFO  com.qentelli.GroupFinalAssessment.tests.ui.NegativeTransferTest - To Account : 63183
2026-05-25 23:15:43                 [TestNG-test-UI Automation Tests-1] INFO  com.qentelli.GroupFinalAssessment.tests.ui.NegativeTransferTest - Invalid Amount : -500.0
2026-05-25 23:15:46                 [TestNG-test-UI Automation Tests-1] WARN  com.qentelli.GroupFinalAssessment.tests.ui.NegativeTransferTest - APPLICATION DEFECT : Negative transfer accepted
]]></system-out>
  </testcase>
  <testcase name="loginApiTest" classname="com.qentelli.GroupFinalAssessment.tests.api.AuthApiTest" time="2.409">
    <system-out><![CDATA[2026-05-25 23:15:46                 [TestNG-test-UI Automation Tests-1] INFO  com.qentelli.GroupFinalAssessment.tests.ui.NegativeTransferTest - Closing browser
2026-05-25 23:15:46                 [main] INFO  com.qentelli.GroupFinalAssessment.base.BaseApi - API setup started
2026-05-25 23:15:47                 [main] INFO  com.qentelli.GroupFinalAssessment.base.BaseApi - Base URI Configured : https://fakestoreapi.com
2026-05-25 23:15:47                 [main] INFO  com.qentelli.GroupFinalAssessment.api.ApiClient - POST API Request Started
Request method:	POST
Request URI:	https://fakestoreapi.com/auth/login
Proxy:			<none>
Request params:	<none>
Query params:	<none>
Form params:	<none>
Path params:	<none>
Headers:		Accept=*/*
				Content-Type=application/json
Cookies:		<none>
Multiparts:		<none>
Body:
{
    "username": "mor_2314",
    "password": "83r5^_"
}
HTTP/1.1 201 Created
Date: Mon, 25 May 2026 17:43:59 GMT
Content-Type: application/json; charset=utf-8
Content-Length: 152
Connection: keep-alive
access-control-allow-origin: *
etag: W/"98-FyZTpLdA/YEaDFoic8HM7pasWs4"
x-powered-by: Express
cf-cache-status: DYNAMIC
Nel: {"report_to":"cf-nel","success_fraction":0.0,"max_age":604800}
Report-To: {"group":"cf-nel","max_age":604800,"endpoints":[{"url":"https://a.nel.cloudflare.com/report/v4?s=rCqToGCkNHIRphbrDaSsRkJJzTAHGuSqpWVESKa9skZMYUSges8OZZVBN%2FfIi3oOhyzQOOvs40f2GWVR%2FhoFLfoOvJHhpfE1GNSJ7muA%2F9v%2FCIQaV767zSoTyuchr1xMxppQ"}]}
Server: cloudflare
CF-RAY: a0165872fe204aeb-SIN
alt-svc: h3=":443"; ma=86400

{
    "token": "eyJhbGciOiJIUzI1NiIsInR5cCI6IkpXVCJ9.eyJzdWIiOjIsInVzZXIiOiJtb3JfMjMxNCIsImlhdCI6MTc3OTczMTAzOX0.RM-P7cDYdGS-BU5WY_aAGSiKaY5e-5RPt_ecVYkbvR8"
}
]]></system-out>
  </testcase>
  <testcase name="createUserApiTest" classname="com.qentelli.GroupFinalAssessment.tests.api.CreateUserApiTest" time="0.724">
    <system-out><![CDATA[2026-05-25 23:15:49                 [main] INFO  com.qentelli.GroupFinalAssessment.base.BaseApi - API setup started
2026-05-25 23:15:49                 [main] INFO  com.qentelli.GroupFinalAssessment.base.BaseApi - Base URI Configured : https://fakestoreapi.com
2026-05-25 23:15:49                 [main] INFO  com.qentelli.GroupFinalAssessment.api.ApiClient - POST API Request Started
Request method:	POST
Request URI:	https://fakestoreapi.com/users
Proxy:			<none>
Request params:	<none>
Query params:	<none>
Form params:	<none>
Path params:	<none>
Headers:		Accept=*/*
				Content-Type=application/json
Cookies:		<none>
Multiparts:		<none>
Body:
{
    "email": "yamuna@gmail.com",
    "username": "yamuna9012",
    "password": "Password@123",
    "name": {
        "firstname": "Yamuna",
        "lastname": "Bathi"
    }
}
HTTP/1.1 201 Created
Date: Mon, 25 May 2026 17:44:01 GMT
Content-Type: application/json; charset=utf-8
Content-Length: 9
Connection: keep-alive
access-control-allow-origin: *
etag: W/"9-hVv0cNJophUD7CGn+ZqXp8tVGo0"
x-powered-by: Express
cf-cache-status: DYNAMIC
Nel: {"report_to":"cf-nel","success_fraction":0.0,"max_age":604800}
Report-To: {"group":"cf-nel","max_age":604800,"endpoints":[{"url":"https://a.nel.cloudflare.com/report/v4?s=nVEHViTIjGMFGXIWL%2FY5O5MRQWiREIo377HjIc0Y8Ueco6Dnl5eBfK1W8KLtVfxxfiUbO4hW8nHSYllU0%2BezmTZKRVBTvQH5vY%2F7nBk1YmLmPgex0F32FQ%2BU3PW7G3MCXSP0"}]}
Server: cloudflare
CF-RAY: a016587ccc687da7-SIN
alt-svc: h3=":443"; ma=86400

{
    "id": 11
}
Generated User ID : 11
]]></system-out>
  </testcase>
  <testcase name="fetchUserApiTest" classname="com.qentelli.GroupFinalAssessment.tests.api.FetchUserApiTest" time="0.578">
    <system-out><![CDATA[2026-05-25 23:15:50                 [main] INFO  com.qentelli.GroupFinalAssessment.base.BaseApi - API setup started
2026-05-25 23:15:50                 [main] INFO  com.qentelli.GroupFinalAssessment.base.BaseApi - Base URI Configured : https://fakestoreapi.com
2026-05-25 23:15:50                 [main] INFO  com.qentelli.GroupFinalAssessment.tests.api.FetchUserApiTest - Fetch User API Test Started
2026-05-25 23:15:50                 [main] INFO  com.qentelli.GroupFinalAssessment.tests.api.FetchUserApiTest - Fetching User ID : 1
2026-05-25 23:15:50                 [main] INFO  com.qentelli.GroupFinalAssessment.api.ApiClient - GET API Request Started
Request method:	GET
Request URI:	https://fakestoreapi.com/users/1
Proxy:			<none>
Request params:	<none>
Query params:	<none>
Form params:	<none>
Path params:	<none>
Headers:		Accept=*/*
				Content-Type=application/json
Cookies:		<none>
Multiparts:		<none>
Body:			<none>
HTTP/1.1 200 OK
Date: Mon, 25 May 2026 17:44:01 GMT
Content-Type: application/json; charset=utf-8
Transfer-Encoding: chunked
Connection: keep-alive
access-control-allow-origin: *
etag: W/"120-HNMhv14aQeBJetA9fBvavCZ+gdk"
x-powered-by: Express
cf-cache-status: DYNAMIC
Nel: {"report_to":"cf-nel","success_fraction":0.0,"max_age":604800}
Report-To: {"group":"cf-nel","max_age":604800,"endpoints":[{"url":"https://a.nel.cloudflare.com/report/v4?s=K24GYEpUyuTCsqYD28pYW2JkzNjFBpjmJl6jpzs1f4tniUs27CfvBjhxVJrydJ70Q%2FyEBYwWMH8Lcw4Q0ju7cCr%2BD1jGEXF22%2BqA8Hxdjip3rkbEuUOli%2BRTISF4FObu%2Fksp"}]}
Content-Encoding: gzip
Server: cloudflare
CF-RAY: a0165881391cce73-SIN
alt-svc: h3=":443"; ma=86400

{
    "address": {
        "geolocation": {
            "lat": "-37.3159",
            "long": "81.1496"
        },
        "city": "kilcoole",
        "street": "new road",
        "number": 7682,
        "zipcode": "12926-3874"
    },
    "id": 1,
    "email": "john@gmail.com",
    "username": "johnd",
    "password": "m38rmF$",
    "name": {
        "firstname": "john",
        "lastname": "doe"
    },
    "phone": "1-570-236-7033",
    "__v": 0
}
2026-05-25 23:15:50                 [main] INFO  com.qentelli.GroupFinalAssessment.tests.api.FetchUserApiTest - Fetch User API Executed
2026-05-25 23:15:50                 [main] INFO  com.qentelli.GroupFinalAssessment.tests.api.FetchUserApiTest - Status Code Validated
2026-05-25 23:15:50                 [main] INFO  com.qentelli.GroupFinalAssessment.tests.api.FetchUserApiTest - Response Body : {"address":{"geolocation":{"lat":"-37.3159","long":"81.1496"},"city":"kilcoole","street":"new road","number":7682,"zipcode":"12926-3874"},"id":1,"email":"john@gmail.com","username":"johnd","password":"m38rmF$","name":{"firstname":"john","lastname":"doe"},"phone":"1-570-236-7033","__v":0}
2026-05-25 23:15:50                 [main] INFO  com.qentelli.GroupFinalAssessment.tests.api.FetchUserApiTest - Schema Validation Completed
2026-05-25 23:15:50                 [main] INFO  com.qentelli.GroupFinalAssessment.tests.api.FetchUserApiTest - Response Time Validated
2026-05-25 23:15:50                 [main] INFO  com.qentelli.GroupFinalAssessment.tests.api.FetchUserApiTest - Fetch User API Test Passed
]]></system-out>
  </testcase>
  <testcase name="uiApiIntegrationTest" classname="com.qentelli.GroupFinalAssessment.tests.integration.UiApiIntegrationTest" time="2.082">
    <system-out><![CDATA[2026-05-25 23:15:50                 [main] INFO  com.qentelli.GroupFinalAssessment.tests.integration.UiApiIntegrationTest - Browser setup started
2026-05-25 23:15:53                 [main] INFO  com.qentelli.GroupFinalAssessment.tests.integration.UiApiIntegrationTest - Application launched successfully
2026-05-25 23:15:53                 [main] INFO  com.qentelli.GroupFinalAssessment.tests.integration.UiApiIntegrationTest - UI API Integration Test Started
2026-05-25 23:15:53                 [main] INFO  com.qentelli.GroupFinalAssessment.base.BaseApi - API setup started
2026-05-25 23:15:53                 [main] INFO  com.qentelli.GroupFinalAssessment.base.BaseApi - Base URI Configured : https://fakestoreapi.com
2026-05-25 23:15:54                 [main] INFO  com.qentelli.GroupFinalAssessment.tests.integration.UiApiIntegrationTest - UI Login Successful
2026-05-25 23:15:54                 [main] INFO  com.qentelli.GroupFinalAssessment.api.ApiClient - POST API Request Started
Request method:	POST
Request URI:	https://fakestoreapi.com/users
Proxy:			<none>
Request params:	<none>
Query params:	<none>
Form params:	<none>
Path params:	<none>
Headers:		Accept=*/*
				Content-Type=application/json
Cookies:		<none>
Multiparts:		<none>
Body:
{
    "email": "yamuna@gmail.com",
    "username": "yamuna6754",
    "password": "Password@123",
    "name": {
        "firstname": "Yamuna",
        "lastname": "Bathi"
    }
}
HTTP/1.1 201 Created
Date: Mon, 25 May 2026 17:44:06 GMT
Content-Type: application/json; charset=utf-8
Content-Length: 9
Connection: keep-alive
access-control-allow-origin: *
etag: W/"9-hVv0cNJophUD7CGn+ZqXp8tVGo0"
x-powered-by: Express
cf-cache-status: DYNAMIC
Nel: {"report_to":"cf-nel","success_fraction":0.0,"max_age":604800}
Report-To: {"group":"cf-nel","max_age":604800,"endpoints":[{"url":"https://a.nel.cloudflare.com/report/v4?s=fc6WxvEQOvj4a%2F3XyQ1WfVOcQnDARtWdaCkznmJXSsBahDhCN5Ke9zprQGshKGgqf8ewsIhw3ThdyrFrOX06e7fEg7LdBQrb2Az25lrtjWEYbw%2BvZLZjEL8OUJIQPfARShWK"}]}
Server: cloudflare
CF-RAY: a016589db913ce82-SIN
alt-svc: h3=":443"; ma=86400

{
    "id": 11
}
2026-05-25 23:15:55                 [main] INFO  com.qentelli.GroupFinalAssessment.tests.integration.UiApiIntegrationTest - Generated User ID : 11
2026-05-25 23:15:55                 [main] INFO  com.qentelli.GroupFinalAssessment.tests.integration.UiApiIntegrationTest - UI API Integration Test Passed
]]></system-out>
    <system-err><![CDATA[May 25, 2026 11:15:51 PM org.openqa.selenium.devtools.CdpVersionFinder findNearestMatch
WARNING: Unable to find CDP implementation matching 148
May 25, 2026 11:15:51 PM org.openqa.selenium.chromium.ChromiumDriver lambda$new$5
WARNING: Unable to find version of CDP to use for 148.0.7778.179. You may need to include a dependency on a specific version of the CDP using something similar to `org.seleniumhq.selenium:selenium-devtools-v86:4.21.0` where the version ("v86") matches the version of the chromium-based browser you're using and the version number of the artifact is the same as Selenium's.
]]></system-err>
  </testcase>
</testsuite>