<?xml version="1.0" encoding="UTF-8"?>
<testng-results ignored="0" total="11" passed="11" failed="0" skipped="0">
  <reporter-output>
  </reporter-output>
  <suite started-at="2026-05-25T23:15:18 IST" name="Qentelli Group Final Assessment Suite" finished-at="2026-05-25T23:15:55 IST" duration-ms="37056">
    <groups>
    </groups>
    <test started-at="2026-05-25T23:15:18 IST" name="UI Automation Tests" finished-at="2026-05-25T23:15:46 IST" duration-ms="28023">
      <class name="com.qentelli.GroupFinalAssessment.tests.ui.RegistrationTest">
        <test-method is-config="true" signature="setup()[pri:0, instance:com.qentelli.GroupFinalAssessment.tests.ui.RegistrationTest@340da44c]" started-at="2026-05-25T23:15:18 IST" name="setup" finished-at="2026-05-25T23:15:24 IST" duration-ms="5251" status="PASS">
          <reporter-output>
          </reporter-output>
        </test-method> <!-- setup -->
        <test-method signature="verifyCustomerRegistration()[pri:0, instance:com.qentelli.GroupFinalAssessment.tests.ui.RegistrationTest@340da44c]" started-at="2026-05-25T23:15:24 IST" name="verifyCustomerRegistration" finished-at="2026-05-25T23:15:28 IST" duration-ms="4676" status="PASS">
          <reporter-output>
          </reporter-output>
        </test-method> <!-- verifyCustomerRegistration -->
        <test-method is-config="true" signature="tearDown()[pri:0, instance:com.qentelli.GroupFinalAssessment.tests.ui.RegistrationTest@340da44c]" started-at="2026-05-25T23:15:28 IST" name="tearDown" finished-at="2026-05-25T23:15:29 IST" duration-ms="478" status="PASS">
          <reporter-output>
          </reporter-output>
        </test-method> <!-- tearDown -->
        <test-method is-config="true" signature="setup()[pri:0, instance:com.qentelli.GroupFinalAssessment.tests.ui.RegistrationTest@340da44c]" started-at="2026-05-25T23:15:29 IST" name="setup" finished-at="2026-05-25T23:15:32 IST" duration-ms="3377" status="PASS">
          <reporter-output>
          </reporter-output>
        </test-method> <!-- setup -->
        <test-method signature="verifyRegistrationWithoutMandatoryFields()[pri:0, instance:com.qentelli.GroupFinalAssessment.tests.ui.RegistrationTest@340da44c]" started-at="2026-05-25T23:15:32 IST" name="verifyRegistrationWithoutMandatoryFields" finished-at="2026-05-25T23:15:34 IST" duration-ms="2120" status="PASS">
          <reporter-output>
          </reporter-output>
        </test-method> <!-- verifyRegistrationWithoutMandatoryFields -->
        <test-method is-config="true" signature="tearDown()[pri:0, instance:com.qentelli.GroupFinalAssessment.tests.ui.RegistrationTest@340da44c]" started-at="2026-05-25T23:15:34 IST" name="tearDown" finished-at="2026-05-25T23:15:34 IST" duration-ms="286" status="PASS">
          <reporter-output>
          </reporter-output>
        </test-method> <!-- tearDown -->
      </class> <!-- com.qentelli.GroupFinalAssessment.tests.ui.RegistrationTest -->
      <class name="com.qentelli.GroupFinalAssessment.tests.ui.TransferFundsTest">
        <test-method is-config="true" signature="setup()[pri:0, instance:com.qentelli.GroupFinalAssessment.tests.ui.TransferFundsTest@7c1e2a2d]" started-at="2026-05-25T23:15:26 IST" name="setup" finished-at="2026-05-25T23:15:30 IST" duration-ms="3392" status="PASS">
          <reporter-output>
          </reporter-output>
        </test-method> <!-- setup -->
        <test-method signature="verifyTransferFundsTest()[pri:0, instance:com.qentelli.GroupFinalAssessment.tests.ui.TransferFundsTest@7c1e2a2d]" started-at="2026-05-25T23:15:30 IST" name="verifyTransferFundsTest" description="Validate successful transfer" finished-at="2026-05-25T23:15:40 IST" duration-ms="9957" status="PASS">
          <reporter-output>
          </reporter-output>
        </test-method> <!-- verifyTransferFundsTest -->
        <test-method is-config="true" signature="tearDown()[pri:0, instance:com.qentelli.GroupFinalAssessment.tests.ui.TransferFundsTest@7c1e2a2d]" started-at="2026-05-25T23:15:40 IST" name="tearDown" finished-at="2026-05-25T23:15:40 IST" duration-ms="306" status="PASS">
          <reporter-output>
          </reporter-output>
        </test-method> <!-- tearDown -->
      </class> <!-- com.qentelli.GroupFinalAssessment.tests.ui.TransferFundsTest -->
      <class name="com.qentelli.GroupFinalAssessment.tests.ui.LoginTest">
        <test-method is-config="true" signature="setup()[pri:0, instance:com.qentelli.GroupFinalAssessment.tests.ui.LoginTest@ec2cc4]" started-at="2026-05-25T23:15:18 IST" name="setup" finished-at="2026-05-25T23:15:24 IST" duration-ms="5368" status="PASS">
          <reporter-output>
          </reporter-output>
        </test-method> <!-- setup -->
        <test-method signature="verifyLoginTest()[pri:0, instance:com.qentelli.GroupFinalAssessment.tests.ui.LoginTest@ec2cc4]" started-at="2026-05-25T23:15:24 IST" name="verifyLoginTest" description="Validate login functionality" finished-at="2026-05-25T23:15:26 IST" duration-ms="2444" status="PASS">
          <reporter-output>
          </reporter-output>
        </test-method> <!-- verifyLoginTest -->
        <test-method is-config="true" signature="tearDown()[pri:0, instance:com.qentelli.GroupFinalAssessment.tests.ui.LoginTest@ec2cc4]" started-at="2026-05-25T23:15:26 IST" name="tearDown" finished-at="2026-05-25T23:15:26 IST" duration-ms="368" status="PASS">
          <reporter-output>
          </reporter-output>
        </test-method> <!-- tearDown -->
      </class> <!-- com.qentelli.GroupFinalAssessment.tests.ui.LoginTest -->
      <class name="com.qentelli.GroupFinalAssessment.tests.ui.NegativeTransferTest">
        <test-method is-config="true" signature="setup()[pri:0, instance:com.qentelli.GroupFinalAssessment.tests.ui.NegativeTransferTest@2101b44a]" started-at="2026-05-25T23:15:34 IST" name="setup" finished-at="2026-05-25T23:15:37 IST" duration-ms="2452" status="PASS">
          <reporter-output>
          </reporter-output>
        </test-method> <!-- setup -->
        <test-method signature="verifyInvalidTransferTest()[pri:0, instance:com.qentelli.GroupFinalAssessment.tests.ui.NegativeTransferTest@2101b44a]" started-at="2026-05-25T23:15:37 IST" name="verifyInvalidTransferTest" description="Validate negative transfer scenario" finished-at="2026-05-25T23:15:46 IST" duration-ms="8969" status="PASS">
          <reporter-output>
          </reporter-output>
        </test-method> <!-- verifyInvalidTransferTest -->
        <test-method is-config="true" signature="tearDown()[pri:0, instance:com.qentelli.GroupFinalAssessment.tests.ui.NegativeTransferTest@2101b44a]" started-at="2026-05-25T23:15:46 IST" name="tearDown" finished-at="2026-05-25T23:15:46 IST" duration-ms="218" status="PASS">
          <reporter-output>
          </reporter-output>
        </test-method> <!-- tearDown -->
      </class> <!-- com.qentelli.GroupFinalAssessment.tests.ui.NegativeTransferTest -->
      <class name="com.qentelli.GroupFinalAssessment.tests.ui.OpenAccountTest">
        <test-method is-config="true" signature="setup()[pri:0, instance:com.qentelli.GroupFinalAssessment.tests.ui.OpenAccountTest@2a5b3fee]" started-at="2026-05-25T23:15:18 IST" name="setup" finished-at="2026-05-25T23:15:24 IST" duration-ms="5285" status="PASS">
          <reporter-output>
          </reporter-output>
        </test-method> <!-- setup -->
        <test-method signature="verifyOpenAccountTest()[pri:0, instance:com.qentelli.GroupFinalAssessment.tests.ui.OpenAccountTest@2a5b3fee]" started-at="2026-05-25T23:15:24 IST" name="verifyOpenAccountTest" description="Validate account creation" finished-at="2026-05-25T23:15:29 IST" duration-ms="5179" status="PASS">
          <reporter-output>
          </reporter-output>
        </test-method> <!-- verifyOpenAccountTest -->
        <test-method is-config="true" signature="tearDown()[pri:0, instance:com.qentelli.GroupFinalAssessment.tests.ui.OpenAccountTest@2a5b3fee]" started-at="2026-05-25T23:15:29 IST" name="tearDown" finished-at="2026-05-25T23:15:29 IST" duration-ms="363" status="PASS">
          <reporter-output>
          </reporter-output>
        </test-method> <!-- tearDown -->
      </class> <!-- com.qentelli.GroupFinalAssessment.tests.ui.OpenAccountTest -->
      <class name="com.qentelli.GroupFinalAssessment.tests.ui.TransactionHistoryTest">
        <test-method is-config="true" signature="setup()[pri:0, instance:com.qentelli.GroupFinalAssessment.tests.ui.TransactionHistoryTest@52d645b1]" started-at="2026-05-25T23:15:29 IST" name="setup" finished-at="2026-05-25T23:15:32 IST" duration-ms="3178" status="PASS">
          <reporter-output>
          </reporter-output>
        </test-method> <!-- setup -->
        <test-method signature="validateTransactionHistory()[pri:0, instance:com.qentelli.GroupFinalAssessment.tests.ui.TransactionHistoryTest@52d645b1]" started-at="2026-05-25T23:15:32 IST" name="validateTransactionHistory" description="Validate transaction history functionality" finished-at="2026-05-25T23:15:37 IST" duration-ms="4656" status="PASS">
          <reporter-output>
          </reporter-output>
        </test-method> <!-- validateTransactionHistory -->
        <test-method is-config="true" signature="tearDown()[pri:0, instance:com.qentelli.GroupFinalAssessment.tests.ui.TransactionHistoryTest@52d645b1]" started-at="2026-05-25T23:15:37 IST" name="tearDown" finished-at="2026-05-25T23:15:37 IST" duration-ms="562" status="PASS">
          <reporter-output>
          </reporter-output>
        </test-method> <!-- tearDown -->
      </class> <!-- com.qentelli.GroupFinalAssessment.tests.ui.TransactionHistoryTest -->
    </test> <!-- UI Automation Tests -->
    <test started-at="2026-05-25T23:15:46 IST" name="API Automation Tests" finished-at="2026-05-25T23:15:50 IST" duration-ms="3961">
      <class name="com.qentelli.GroupFinalAssessment.tests.api.FetchUserApiTest">
        <test-method is-config="true" signature="setup()[pri:0, instance:com.qentelli.GroupFinalAssessment.tests.api.FetchUserApiTest@38f116f6]" started-at="2026-05-25T23:15:50 IST" name="setup" finished-at="2026-05-25T23:15:50 IST" duration-ms="1" status="PASS">
          <reporter-output>
          </reporter-output>
        </test-method> <!-- setup -->
        <test-method signature="fetchUserApiTest()[pri:0, instance:com.qentelli.GroupFinalAssessment.tests.api.FetchUserApiTest@38f116f6]" started-at="2026-05-25T23:15:50 IST" name="fetchUserApiTest" description="Validate Fetch User API" finished-at="2026-05-25T23:15:50 IST" duration-ms="583" status="PASS">
          <reporter-output>
          </reporter-output>
        </test-method> <!-- fetchUserApiTest -->
      </class> <!-- com.qentelli.GroupFinalAssessment.tests.api.FetchUserApiTest -->
      <class name="com.qentelli.GroupFinalAssessment.tests.api.AuthApiTest">
        <test-method is-config="true" signature="setup()[pri:0, instance:com.qentelli.GroupFinalAssessment.tests.api.AuthApiTest@424fd310]" started-at="2026-05-25T23:15:46 IST" name="setup" finished-at="2026-05-25T23:15:47 IST" duration-ms="227" status="PASS">
          <reporter-output>
          </reporter-output>
        </test-method> <!-- setup -->
        <test-method signature="loginApiTest()[pri:0, instance:com.qentelli.GroupFinalAssessment.tests.api.AuthApiTest@424fd310]" started-at="2026-05-25T23:15:47 IST" name="loginApiTest" description="Validate Login API" finished-at="2026-05-25T23:15:49 IST" duration-ms="2410" status="PASS">
          <reporter-output>
          </reporter-output>
        </test-method> <!-- loginApiTest -->
      </class> <!-- com.qentelli.GroupFinalAssessment.tests.api.AuthApiTest -->
      <class name="com.qentelli.GroupFinalAssessment.tests.api.CreateUserApiTest">
        <test-method is-config="true" signature="setup()[pri:0, instance:com.qentelli.GroupFinalAssessment.tests.api.CreateUserApiTest@1a45193b]" started-at="2026-05-25T23:15:49 IST" name="setup" finished-at="2026-05-25T23:15:49 IST" duration-ms="1" status="PASS">
          <reporter-output>
          </reporter-output>
        </test-method> <!-- setup -->
        <test-method signature="createUserApiTest()[pri:0, instance:com.qentelli.GroupFinalAssessment.tests.api.CreateUserApiTest@1a45193b]" started-at="2026-05-25T23:15:49 IST" name="createUserApiTest" description="Validate Create User API" finished-at="2026-05-25T23:15:50 IST" duration-ms="735" status="PASS">
          <reporter-output>
          </reporter-output>
        </test-method> <!-- createUserApiTest -->
      </class> <!-- com.qentelli.GroupFinalAssessment.tests.api.CreateUserApiTest -->
    </test> <!-- API Automation Tests -->
    <test started-at="2026-05-25T23:15:50 IST" name="Integration Test" finished-at="2026-05-25T23:15:55 IST" duration-ms="4758">
      <class name="com.qentelli.GroupFinalAssessment.tests.integration.UiApiIntegrationTest">
        <test-method is-config="true" signature="setup()[pri:0, instance:com.qentelli.GroupFinalAssessment.tests.integration.UiApiIntegrationTest@6c25e6c4]" started-at="2026-05-25T23:15:50 IST" name="setup" finished-at="2026-05-25T23:15:53 IST" duration-ms="2503" status="PASS">
          <reporter-output>
          </reporter-output>
        </test-method> <!-- setup -->
        <test-method signature="uiApiIntegrationTest()[pri:0, instance:com.qentelli.GroupFinalAssessment.tests.integration.UiApiIntegrationTest@6c25e6c4]" started-at="2026-05-25T23:15:53 IST" name="uiApiIntegrationTest" description="Validate UI and API Integration" finished-at="2026-05-25T23:15:55 IST" duration-ms="2078" status="PASS">
          <reporter-output>
          </reporter-output>
        </test-method> <!-- uiApiIntegrationTest -->
        <test-method is-config="true" signature="tearDown()[pri:0, instance:com.qentelli.GroupFinalAssessment.tests.integration.UiApiIntegrationTest@6c25e6c4]" started-at="2026-05-25T23:15:55 IST" name="tearDown" finished-at="2026-05-25T23:15:55 IST" duration-ms="176" status="PASS">
          <reporter-output>
          </reporter-output>
        </test-method> <!-- tearDown -->
      </class> <!-- com.qentelli.GroupFinalAssessment.tests.integration.UiApiIntegrationTest -->
    </test> <!-- Integration Test -->
  </suite> <!-- Qentelli Group Final Assessment Suite -->
</testng-results>
