<?xml version="1.0" encoding="UTF-8"?>
<!-- Generated by org.testng.reporters.JUnitReportReporter -->
<testsuite hostname="HW1516" failures="0" tests="1" name="com.qentelli.GroupFinalAssessment.tests.ui.TransactionHistoryTest" time="8.974" errors="0" timestamp="2026-05-25T23:02:19 IST" skipped="0">
  <testcase classname="com.qentelli.GroupFinalAssessment.tests.ui.TransactionHistoryTest" name="validateTransactionHistory" time="8.974"/>
</testsuite> <!-- com.qentelli.GroupFinalAssessment.tests.ui.TransactionHistoryTest -->
