<?xml version="1.0" encoding="UTF-8"?>
<!-- Generated by org.testng.reporters.JUnitReportReporter -->
<testsuite hostname="HW1516" failures="0" tests="2" name="com.qentelli.GroupFinalAssessment.tests.ui.RegistrationTest" time="16.681" errors="0" timestamp="2026-05-25T23:02:19 IST" skipped="0">
  <testcase classname="com.qentelli.GroupFinalAssessment.tests.ui.RegistrationTest" name="verifyCustomerRegistration" time="6.737"/>
  <testcase classname="com.qentelli.GroupFinalAssessment.tests.ui.RegistrationTest" name="verifyRegistrationWithoutMandatoryFields" time="9.944"/>
</testsuite> <!-- com.qentelli.GroupFinalAssessment.tests.ui.RegistrationTest -->
