<?xml version="1.0" encoding="UTF-8"?>
<!-- Generated by org.testng.reporters.JUnitReportReporter -->
<testsuite hostname="HW1516" failures="0" tests="1" name="com.qentelli.GroupFinalAssessment.tests.integration.UiApiIntegrationTest" time="4.757" errors="0" timestamp="2026-05-25T23:15:55 IST" skipped="0">
  <testcase classname="com.qentelli.GroupFinalAssessment.tests.integration.UiApiIntegrationTest" name="uiApiIntegrationTest" time="4.757"/>
</testsuite> <!-- com.qentelli.GroupFinalAssessment.tests.integration.UiApiIntegrationTest -->
