<?xml version="1.0" encoding="UTF-8"?>
<!-- Generated by org.testng.reporters.JUnitReportReporter -->
<testsuite hostname="HW1516" failures="0" tests="2" name="com.qentelli.GroupFinalAssessment.tests.ui.RegistrationTest" time="16.188" errors="0" timestamp="2026-05-25T23:15:55 IST" skipped="0">
  <testcase classname="com.qentelli.GroupFinalAssessment.tests.ui.RegistrationTest" name="verifyRegistrationWithoutMandatoryFields" time="5.783"/>
  <testcase classname="com.qentelli.GroupFinalAssessment.tests.ui.RegistrationTest" name="verifyCustomerRegistration" time="10.405"/>
</testsuite> <!-- com.qentelli.GroupFinalAssessment.tests.ui.RegistrationTest -->
