<?xml version="1.0" encoding="UTF-8"?>
<!-- Generated by org.testng.reporters.JUnitReportReporter -->
<testsuite hostname="HW1516" failures="0" tests="1" name="com.qentelli.GroupFinalAssessment.tests.api.FetchUserApiTest" time="0.583" errors="0" timestamp="2026-05-25T23:15:55 IST" skipped="0">
  <testcase classname="com.qentelli.GroupFinalAssessment.tests.api.FetchUserApiTest" name="fetchUserApiTest" time="0.583"/>
</testsuite> <!-- com.qentelli.GroupFinalAssessment.tests.api.FetchUserApiTest -->
