<?xml version="1.0" encoding="UTF-8"?>
<!-- Generated by org.testng.reporters.JUnitXMLReporter -->
<testsuite ignored="0" hostname="HW1516" failures="0" tests="3" name="API Tests" time="7.249" errors="0" timestamp="2026-05-25T18:05:39 IST">
  <testcase classname="com.qentelli.GroupFinalAssessment.tests.api.AuthApiTest" name="loginApiTest" time="4.335"/>
  <testcase classname="com.qentelli.GroupFinalAssessment.tests.api.CreateUserApiTest" name="createUserApiTest" time="1.557"/>
  <testcase classname="com.qentelli.GroupFinalAssessment.tests.api.FetchUserApiTest" name="fetchUserApiTest" time="0.81"/>
</testsuite> <!-- API Tests -->
